<?xml version="1.0" encoding="UTF-8"?>
<testsuite xmlns:xsi="http://www.w3.org/2001/XMLSchema-instance" xsi:noNamespaceSchemaLocation="https://maven.apache.org/surefire/maven-surefire-plugin/xsd/surefire-test-report.xsd" version="3.0.2" name="com.marvellousInfosystem.first.FirstApplicationTests" time="6.768" tests="1" errors="0" skipped="0" failures="0">
  <properties>
[...]
</properties>
  <testcase name="contextLoads" classname="com.marvellousInfosystem.first.FirstApplicationTests" time="1.657">
    <system-out><![CDATA[Standard Commons Logging discovery in action with spring-jcl: please remove commons-logging.jar from classpath in order to avoid potential conflicts
11:32:08.946 [main] INFO org.springframework.test.context.support.AnnotationConfigContextLoaderUtils -- Could not detect default configuration classes for test class [com.marvellousInfosystem.first.FirstApplicationTests]: FirstApplicationTests does not declare any static, non-private, non-final, nested classes annotated with @Configuration.
11:32:09.275 [main] INFO org.springframework.boot.test.context.SpringBootTestContextBootstrapper -- Found @SpringBootConfiguration com.marvellousInfosystem.first.FirstApplication for test class com.marvellousInfosystem.first.FirstApplicationTests

  .   ____          _            __ _ _
 /\\ / ___'_ __ _ _(_)_ __  __ _ \ \ \ \
( ( )\___ | '_ | '_| | '_ \/ _` | \ \ \ \
 \\/  ___)| |_)| | | | | || (_| |  ) ) ) )
  '  |____| .__|_| |_|_| |_\__, | / / / /
 =========|_|==============|___/=/_/_/_/

 :: Spring Boot ::                (v3.5.0)

2025-06-19T11:32:10.767+05:30  INFO 9760 --- [first] [           main] c.m.first.FirstApplicationTests          : Starting FirstApplicationTests using Java 22 with PID 9760 (started by Bhoite in C:\Users\Bhoite\Desktop\Spring Boot\first)
2025-06-19T11:32:10.773+05:30  INFO 9760 --- [first] [           main] c.m.first.FirstApplicationTests          : No active profile set, falling back to 1 default profile: "default"
2025-06-19T11:32:13.638+05:30  INFO 9760 --- [first] [           main] c.m.first.FirstApplicationTests          : Started FirstApplicationTests in 3.809 seconds (process running for 6.312)
]]></system-out>
    <system-err><![CDATA[Mockito is currently self-attaching to enable the inline-mock-maker. This will no longer work in future releases of the JDK. Please add Mockito as an agent to your build as described in Mockito's documentation: https://javadoc.io/doc/org.mockito/mockito-core/latest/org.mockito/org/mockito/Mockito.html#0.3
WARNING: A Java agent has been loaded dynamically (C:\Users\Bhoite\.m2\repository\net\bytebuddy\byte-buddy-agent\1.17.5\byte-buddy-agent-1.17.5.jar)
WARNING: If a serviceability tool is in use, please run with -XX:+EnableDynamicAgentLoading to hide this warning
WARNING: If a serviceability tool is not in use, please run with -Djdk.instrument.traceUsage for more information
WARNING: Dynamic loading of agents will be disallowed by default in a future release
]]></system-err>
  </testcase>
</testsuite>